{
  message: 'Database connected...',
  level: 'info',
  label: 'U-M',
  timestamp: '2023-06-16T10:33:29.197Z'
}
{
  message: 'Application listening on port 5000',
  level: 'info',
  label: 'U-M',
  timestamp: '2023-06-16T10:33:29.208Z'
}
{
  message: 'Database connected...',
  level: 'info',
  label: 'U-M',
  timestamp: '2023-06-16T10:34:39.371Z'
}
{
  message: 'Application listening on port 5000',
  level: 'info',
  label: 'U-M',
  timestamp: '2023-06-16T10:34:39.382Z'
}
{
  message: 'Database connected...',
  level: 'info',
  label: 'U-M',
  timestamp: '2023-06-16T10:54:01.702Z'
}
{
  message: 'Application listening on port 5000',
  level: 'info',
  label: 'U-M',
  timestamp: '2023-06-16T10:54:01.721Z'
}
{
  message: 'Database connected...',
  level: 'info',
  label: 'U-M',
  timestamp: '2023-06-16T10:54:58.024Z'
}
{
  message: 'Application listening on port 5000',
  level: 'info',
  label: 'U-M',
  timestamp: '2023-06-16T10:54:58.035Z'
}
{
  message: 'Database connected...',
  level: 'info',
  label: 'U-M',
  timestamp: '2023-06-16T11:10:40.752Z'
}
{
  message: 'Application listening on port 5000',
  level: 'info',
  label: 'U-M',
  timestamp: '2023-06-16T11:10:40.771Z'
}
{
  message: 'Database connected...',
  level: 'info',
  label: 'U-M',
  timestamp: '2023-06-16T11:22:03.499Z'
}
{
  message: 'Application listening on port 5000',
  level: 'info',
  label: 'U-M',
  timestamp: '2023-06-16T11:22:03.519Z'
}
{
  message: 'Database connected...',
  level: 'info',
  label: 'U-M',
  timestamp: '2023-06-16T11:25:33.655Z'
}
{
  message: 'Application listening on port 5000',
  level: 'info',
  label: 'U-M',
  timestamp: '2023-06-16T11:25:33.664Z'
}
